<?xml version="1.0" encoding="UTF-8"?>
<!-- Generated by org.testng.reporters.JUnitXMLReporter -->
<testsuite ignored="0" hostname="DESKTOP-4S4J96Q" failures="1" tests="3" name="Test" time="4.159" errors="0" timestamp="2026-03-17T15:34:26 GMT+07:00">
  <testcase classname="test.SampleTest" name="testGoogle2" time="0.278"/>
  <testcase classname="test.SampleTest" name="testGoogle3" time="1.09"/>
  <testcase classname="test.SampleTest" name="testGoogle1" time="1.094">
    <failure type="java.lang.AssertionError" message="expected [B] but found [A]">
      <![CDATA[java.lang.AssertionError: expected [B] but found [A]
at test.SampleTest.testGoogle1(SampleTest.java:15)
at java.base/java.util.concurrent.Executors$RunnableAdapter.call(Executors.java:545)
at java.base/java.util.concurrent.FutureTask.run(FutureTask.java:328)
at java.base/java.util.concurrent.ThreadPoolExecutor.runWorker(ThreadPoolExecutor.java:1090)
at java.base/java.util.concurrent.ThreadPoolExecutor$Worker.run(ThreadPoolExecutor.java:614)
at java.base/java.lang.Thread.run(Thread.java:1474)
... Removed 17 stack frames]]>
    </failure>
  </testcase> <!-- testGoogle1 -->
</testsuite> <!-- Test -->
