<?xml version="1.0" encoding="UTF-8"?>
<!-- Generated by org.testng.reporters.JUnitReportReporter -->
<testsuite hostname="runnervmrg6be" failures="0" tests="3" name="test.SampleTest" time="40.030" errors="0" timestamp="2026-03-31T07:05:25 UTC" skipped="0">
  <testcase classname="test.SampleTest" name="testGoogle2" time="13.324"/>
  <testcase classname="test.SampleTest" name="testGoogle3" time="13.308"/>
  <testcase classname="test.SampleTest" name="testGoogle1" time="13.398"/>
</testsuite> <!-- test.SampleTest -->
