<?xml version="1.0" encoding="UTF-8"?>
<testng-results ignored="0" total="3" passed="2" failed="1" skipped="0">
  <reporter-output>
  </reporter-output>
  <suite started-at="2026-03-17T15:34:22 GMT+07:00" name="Suite" finished-at="2026-03-17T15:34:26 GMT+07:00" duration-ms="4159">
    <groups>
    </groups>
    <test started-at="2026-03-17T15:34:22 GMT+07:00" name="Test" finished-at="2026-03-17T15:34:26 GMT+07:00" duration-ms="4159">
      <class name="test.SampleTest">
        <test-method is-config="true" signature="setUp(java.lang.String,java.lang.String)[pri:0, instance:test.SampleTest@3901d134]" started-at="2026-03-17T15:34:22 GMT+07:00" name="setUp" finished-at="2026-03-17T15:34:25 GMT+07:00" duration-ms="2652" status="PASS">
          <params>
            <param index="0">
              <value>
                <![CDATA[chrome]]>
              </value>
            </param>
            <param index="1">
              <value>
                <![CDATA[dev]]>
              </value>
            </param>
          </params>
          <reporter-output>
          </reporter-output>
        </test-method> <!-- setUp -->
        <test-method is-config="true" signature="setUp(java.lang.String,java.lang.String)[pri:0, instance:test.SampleTest@3901d134]" started-at="2026-03-17T15:34:22 GMT+07:00" name="setUp" finished-at="2026-03-17T15:34:24 GMT+07:00" duration-ms="2460" status="PASS">
          <params>
            <param index="0">
              <value>
                <![CDATA[chrome]]>
              </value>
            </param>
            <param index="1">
              <value>
                <![CDATA[dev]]>
              </value>
            </param>
          </params>
          <reporter-output>
          </reporter-output>
        </test-method> <!-- setUp -->
        <test-method is-config="true" signature="setUp(java.lang.String,java.lang.String)[pri:0, instance:test.SampleTest@3901d134]" started-at="2026-03-17T15:34:22 GMT+07:00" name="setUp" finished-at="2026-03-17T15:34:25 GMT+07:00" duration-ms="2660" status="PASS">
          <params>
            <param index="0">
              <value>
                <![CDATA[chrome]]>
              </value>
            </param>
            <param index="1">
              <value>
                <![CDATA[dev]]>
              </value>
            </param>
          </params>
          <reporter-output>
          </reporter-output>
        </test-method> <!-- setUp -->
        <test-method signature="testGoogle2()[pri:0, instance:test.SampleTest@3901d134]" started-at="2026-03-17T15:34:24 GMT+07:00" name="testGoogle2" finished-at="2026-03-17T15:34:25 GMT+07:00" duration-ms="278" status="PASS">
          <reporter-output>
          </reporter-output>
        </test-method> <!-- testGoogle2 -->
        <test-method signature="testGoogle1()[pri:0, instance:test.SampleTest@3901d134]" started-at="2026-03-17T15:34:25 GMT+07:00" name="testGoogle1" finished-at="2026-03-17T15:34:26 GMT+07:00" duration-ms="1094" status="FAIL">
          <exception class="java.lang.AssertionError">
            <message>
              <![CDATA[expected [B] but found [A]]]>
            </message>
            <full-stacktrace>
              <![CDATA[java.lang.AssertionError: expected [B] but found [A]
at org.testng.Assert.fail(Assert.java:111)
at org.testng.Assert.failNotEquals(Assert.java:1578)
at org.testng.Assert.assertEqualsImpl(Assert.java:150)
at org.testng.Assert.assertEquals(Assert.java:132)
at org.testng.Assert.assertEquals(Assert.java:656)
at org.testng.Assert.assertEquals(Assert.java:666)
at test.SampleTest.testGoogle1(SampleTest.java:15)
at java.base/jdk.internal.reflect.DirectMethodHandleAccessor.invoke(DirectMethodHandleAccessor.java:104)
at java.base/java.lang.reflect.Method.invoke(Method.java:565)
at org.testng.internal.invokers.MethodInvocationHelper.invokeMethod(MethodInvocationHelper.java:141)
at org.testng.internal.invokers.TestInvoker.invokeMethod(TestInvoker.java:686)
at org.testng.internal.invokers.TestInvoker.invokeTestMethod(TestInvoker.java:230)
at org.testng.internal.invokers.MethodRunner.runInSequence(MethodRunner.java:63)
at org.testng.internal.invokers.TestInvoker$MethodInvocationAgent.invoke(TestInvoker.java:992)
at org.testng.internal.invokers.TestInvoker.invokeTestMethods(TestInvoker.java:203)
at org.testng.internal.invokers.TestMethodWorker.invokeTestMethods(TestMethodWorker.java:154)
at org.testng.internal.invokers.TestMethodWorker.run(TestMethodWorker.java:134)
at java.base/java.util.concurrent.Executors$RunnableAdapter.call(Executors.java:545)
at java.base/java.util.concurrent.FutureTask.run(FutureTask.java:328)
at org.testng.internal.thread.graph.TestNGFutureTask.run(TestNGFutureTask.java:22)
at java.base/java.util.concurrent.ThreadPoolExecutor.runWorker(ThreadPoolExecutor.java:1090)
at java.base/java.util.concurrent.ThreadPoolExecutor$Worker.run(ThreadPoolExecutor.java:614)
at java.base/java.lang.Thread.run(Thread.java:1474)
]]>
            </full-stacktrace>
          </exception> <!-- java.lang.AssertionError -->
          <reporter-output>
          </reporter-output>
        </test-method> <!-- testGoogle1 -->
        <test-method signature="testGoogle3()[pri:0, instance:test.SampleTest@3901d134]" started-at="2026-03-17T15:34:25 GMT+07:00" name="testGoogle3" finished-at="2026-03-17T15:34:26 GMT+07:00" duration-ms="1090" status="PASS">
          <reporter-output>
          </reporter-output>
        </test-method> <!-- testGoogle3 -->
        <test-method is-config="true" signature="tearDown(org.testng.ITestResult)[pri:0, instance:test.SampleTest@3901d134]" started-at="2026-03-17T15:34:25 GMT+07:00" name="tearDown" finished-at="2026-03-17T15:34:26 GMT+07:00" duration-ms="906" status="PASS">
          <params>
            <param index="0">
              <value>
                <![CDATA[[TestResult name=testGoogle2 status=SUCCESS method=SampleTest.testGoogle2()[pri:0, instance:test.SampleTest@3901d134] output={null}]]]>
              </value>
            </param>
          </params>
          <reporter-output>
          </reporter-output>
        </test-method> <!-- tearDown -->
        <test-method is-config="true" signature="tearDown(org.testng.ITestResult)[pri:0, instance:test.SampleTest@3901d134]" started-at="2026-03-17T15:34:26 GMT+07:00" name="tearDown" finished-at="2026-03-17T15:34:26 GMT+07:00" duration-ms="376" status="PASS">
          <params>
            <param index="0">
              <value>
                <![CDATA[[TestResult name=testGoogle1 status=FAILURE method=SampleTest.testGoogle1()[pri:0, instance:test.SampleTest@3901d134] output={null}]]]>
              </value>
            </param>
          </params>
          <reporter-output>
          </reporter-output>
        </test-method> <!-- tearDown -->
        <test-method is-config="true" signature="tearDown(org.testng.ITestResult)[pri:0, instance:test.SampleTest@3901d134]" started-at="2026-03-17T15:34:26 GMT+07:00" name="tearDown" finished-at="2026-03-17T15:34:26 GMT+07:00" duration-ms="196" status="PASS">
          <params>
            <param index="0">
              <value>
                <![CDATA[[TestResult name=testGoogle3 status=SUCCESS method=SampleTest.testGoogle3()[pri:0, instance:test.SampleTest@3901d134] output={null}]]]>
              </value>
            </param>
          </params>
          <reporter-output>
          </reporter-output>
        </test-method> <!-- tearDown -->
      </class> <!-- test.SampleTest -->
    </test> <!-- Test -->
  </suite> <!-- Suite -->
</testng-results>
